2026-03-11 22:19:08,836 - RTDClient - INFO - C:\Users\randy\tos-streamlit-dashboard-V2\src\rtd\client.py:86 - RTD Client instance created
2026-03-11 22:19:08,836 - RTDClient - INFO - C:\Users\randy\tos-streamlit-dashboard-V2\src\rtd\client.py:122 - Starting RTD server initialization
2026-03-11 22:19:08,842 - RTDClient - INFO - C:\Users\randy\tos-streamlit-dashboard-V2\src\rtd\client.py:140 - Server started successfully
2026-03-11 22:19:08,843 - RTDClient - INFO - C:\Users\randy\tos-streamlit-dashboard-V2\src\rtd\client.py:424 - Heartbeat interval set to 500ms
2026-03-11 22:19:08,843 - RTDClient - INFO - C:\Users\randy\tos-streamlit-dashboard-V2\src\rtd\client.py:145 - Heartbeat interval updated: 200ms -> 500ms
2026-03-11 22:19:09,376 - RTDClient - INFO - C:\Users\randy\tos-streamlit-dashboard-V2\src\rtd\client.py:182 - Already subscribed to .SPY250717P626 POSITION_QTY
2026-03-11 22:19:09,385 - RTDClient - INFO - C:\Users\randy\tos-streamlit-dashboard-V2\src\rtd\client.py:182 - Already subscribed to .SPY250717C633 ASK
2026-03-11 22:19:09,392 - RTDClient - INFO - C:\Users\randy\tos-streamlit-dashboard-V2\src\rtd\client.py:182 - Already subscribed to .SPY250717P637 IMPL_VOL
2026-03-11 22:19:09,403 - RTDClient - INFO - C:\Users\randy\tos-streamlit-dashboard-V2\src\rtd\client.py:182 - Already subscribed to .SPY250717C646 LAST
2026-03-11 22:19:09,404 - RTDClient - INFO - C:\Users\randy\tos-streamlit-dashboard-V2\src\rtd\client.py:182 - Already subscribed to .SPY250717C646 BID
2026-03-11 22:19:09,405 - RTDClient - INFO - C:\Users\randy\tos-streamlit-dashboard-V2\src\rtd\client.py:182 - Already subscribed to .SPY250717P646 ASK
2026-03-11 22:20:41,500 - RTDClient - INFO - C:\Users\randy\tos-streamlit-dashboard-V2\src\rtd\client.py:86 - RTD Client instance created
2026-03-11 22:20:41,501 - RTDClient - INFO - C:\Users\randy\tos-streamlit-dashboard-V2\src\rtd\client.py:122 - Starting RTD server initialization
2026-03-11 22:20:41,510 - RTDClient - INFO - C:\Users\randy\tos-streamlit-dashboard-V2\src\rtd\client.py:140 - Server started successfully
2026-03-11 22:20:41,510 - RTDClient - INFO - C:\Users\randy\tos-streamlit-dashboard-V2\src\rtd\client.py:424 - Heartbeat interval set to 500ms
2026-03-11 22:20:41,510 - RTDClient - INFO - C:\Users\randy\tos-streamlit-dashboard-V2\src\rtd\client.py:145 - Heartbeat interval updated: 200ms -> 500ms
2026-03-11 22:20:42,528 - RTDClient - INFO - C:\Users\randy\tos-streamlit-dashboard-V2\src\rtd\client.py:182 - Already subscribed to .SPY260312P616 ASK
2026-03-11 22:20:42,540 - RTDClient - INFO - C:\Users\randy\tos-streamlit-dashboard-V2\src\rtd\client.py:182 - Already subscribed to .SPY260312P623 GAMMA
2026-03-11 22:20:42,547 - RTDClient - INFO - C:\Users\randy\tos-streamlit-dashboard-V2\src\rtd\client.py:182 - Already subscribed to .SPY260312C628 IMPL_VOL
2026-03-11 22:20:42,549 - RTDClient - INFO - C:\Users\randy\tos-streamlit-dashboard-V2\src\rtd\client.py:182 - Already subscribed to .SPY260312P629 POSITION_QTY
2026-03-11 22:20:42,554 - RTDClient - INFO - C:\Users\randy\tos-streamlit-dashboard-V2\src\rtd\client.py:182 - Already subscribed to .SPY260312P632 AV_TRADE_PRICE
2026-03-11 22:20:42,555 - RTDClient - INFO - C:\Users\randy\tos-streamlit-dashboard-V2\src\rtd\client.py:182 - Already subscribed to .SPY260312C633 OPEN_INT
2026-03-11 22:20:42,563 - RTDClient - INFO - C:\Users\randy\tos-streamlit-dashboard-V2\src\rtd\client.py:182 - Already subscribed to .SPY260312C637 THETA
2026-03-11 22:20:42,567 - RTDClient - INFO - C:\Users\randy\tos-streamlit-dashboard-V2\src\rtd\client.py:182 - Already subscribed to .SPY260312C639 IMPL_VOL
2026-03-11 22:20:42,574 - RTDClient - INFO - C:\Users\randy\tos-streamlit-dashboard-V2\src\rtd\client.py:182 - Already subscribed to .SPY260312P643 DELTA
2026-03-11 22:21:43,818 - RTDClient - INFO - C:\Users\randy\tos-streamlit-dashboard-V2\src\rtd\client.py:86 - RTD Client instance created
2026-03-11 22:21:43,818 - RTDClient - INFO - C:\Users\randy\tos-streamlit-dashboard-V2\src\rtd\client.py:122 - Starting RTD server initialization
2026-03-11 22:21:43,824 - RTDClient - INFO - C:\Users\randy\tos-streamlit-dashboard-V2\src\rtd\client.py:140 - Server started successfully
2026-03-11 22:21:43,824 - RTDClient - INFO - C:\Users\randy\tos-streamlit-dashboard-V2\src\rtd\client.py:424 - Heartbeat interval set to 500ms
2026-03-11 22:21:43,824 - RTDClient - INFO - C:\Users\randy\tos-streamlit-dashboard-V2\src\rtd\client.py:145 - Heartbeat interval updated: 200ms -> 500ms
2026-03-11 22:21:44,345 - RTDClient - INFO - C:\Users\randy\tos-streamlit-dashboard-V2\src\rtd\client.py:182 - Already subscribed to .SPY260312P667 AV_TRADE_PRICE
2026-03-11 22:21:44,355 - RTDClient - INFO - C:\Users\randy\tos-streamlit-dashboard-V2\src\rtd\client.py:182 - Already subscribed to .SPY260312P673 AV_TRADE_PRICE
2026-03-11 22:21:44,356 - RTDClient - INFO - C:\Users\randy\tos-streamlit-dashboard-V2\src\rtd\client.py:182 - Already subscribed to .SPY260312P674 ASK
2026-03-11 22:21:44,356 - RTDClient - INFO - C:\Users\randy\tos-streamlit-dashboard-V2\src\rtd\client.py:182 - Already subscribed to .SPY260312P674 DELTA
2026-03-11 22:21:44,368 - RTDClient - INFO - C:\Users\randy\tos-streamlit-dashboard-V2\src\rtd\client.py:182 - Already subscribed to .SPY260312P680 AV_TRADE_PRICE
2026-03-11 22:21:44,375 - RTDClient - INFO - C:\Users\randy\tos-streamlit-dashboard-V2\src\rtd\client.py:182 - Already subscribed to .SPY260312C686 ASK
2026-03-11 22:21:44,379 - RTDClient - INFO - C:\Users\randy\tos-streamlit-dashboard-V2\src\rtd\client.py:182 - Already subscribed to .SPY260312C688 POSITION_QTY
2026-03-11 22:21:44,386 - RTDClient - INFO - C:\Users\randy\tos-streamlit-dashboard-V2\src\rtd\client.py:182 - Already subscribed to .SPY260312P693 LAST
2026-03-11 22:21:44,387 - RTDClient - INFO - C:\Users\randy\tos-streamlit-dashboard-V2\src\rtd\client.py:182 - Already subscribed to .SPY260312P693 OPEN_INT
2026-03-11 22:21:44,390 - RTDClient - INFO - C:\Users\randy\tos-streamlit-dashboard-V2\src\rtd\client.py:182 - Already subscribed to .SPY260312C696 LAST
2026-03-11 22:23:38,946 - RTDClient - INFO - C:\Users\randy\tos-streamlit-dashboard-V2\src\rtd\client.py:86 - RTD Client instance created
2026-03-11 22:23:38,947 - RTDClient - INFO - C:\Users\randy\tos-streamlit-dashboard-V2\src\rtd\client.py:122 - Starting RTD server initialization
2026-03-11 22:23:38,955 - RTDClient - INFO - C:\Users\randy\tos-streamlit-dashboard-V2\src\rtd\client.py:140 - Server started successfully
2026-03-11 22:23:38,956 - RTDClient - INFO - C:\Users\randy\tos-streamlit-dashboard-V2\src\rtd\client.py:424 - Heartbeat interval set to 500ms
2026-03-11 22:23:38,956 - RTDClient - INFO - C:\Users\randy\tos-streamlit-dashboard-V2\src\rtd\client.py:145 - Heartbeat interval updated: 200ms -> 500ms
2026-03-11 22:23:39,491 - RTDClient - INFO - C:\Users\randy\tos-streamlit-dashboard-V2\src\rtd\client.py:182 - Already subscribed to .SPY250717P626 POSITION_QTY
2026-03-11 22:23:39,501 - RTDClient - INFO - C:\Users\randy\tos-streamlit-dashboard-V2\src\rtd\client.py:182 - Already subscribed to .SPY250717C633 ASK
2026-03-11 22:23:39,508 - RTDClient - INFO - C:\Users\randy\tos-streamlit-dashboard-V2\src\rtd\client.py:182 - Already subscribed to .SPY250717P637 IMPL_VOL
2026-03-11 22:23:39,520 - RTDClient - INFO - C:\Users\randy\tos-streamlit-dashboard-V2\src\rtd\client.py:182 - Already subscribed to .SPY250717C646 LAST
2026-03-11 22:23:39,520 - RTDClient - INFO - C:\Users\randy\tos-streamlit-dashboard-V2\src\rtd\client.py:182 - Already subscribed to .SPY250717C646 BID
2026-03-11 22:23:39,521 - RTDClient - INFO - C:\Users\randy\tos-streamlit-dashboard-V2\src\rtd\client.py:182 - Already subscribed to .SPY250717P646 ASK
2026-03-11 22:25:57,505 - RTDClient - INFO - C:\Users\randy\tos-streamlit-dashboard-V2\src\rtd\client.py:86 - RTD Client instance created
2026-03-11 22:25:57,505 - RTDClient - INFO - C:\Users\randy\tos-streamlit-dashboard-V2\src\rtd\client.py:122 - Starting RTD server initialization
2026-03-11 22:25:57,511 - RTDClient - INFO - C:\Users\randy\tos-streamlit-dashboard-V2\src\rtd\client.py:140 - Server started successfully
2026-03-11 22:25:57,511 - RTDClient - INFO - C:\Users\randy\tos-streamlit-dashboard-V2\src\rtd\client.py:424 - Heartbeat interval set to 500ms
2026-03-11 22:25:57,511 - RTDClient - INFO - C:\Users\randy\tos-streamlit-dashboard-V2\src\rtd\client.py:145 - Heartbeat interval updated: 200ms -> 500ms
2026-03-11 22:25:58,045 - RTDClient - INFO - C:\Users\randy\tos-streamlit-dashboard-V2\src\rtd\client.py:182 - Already subscribed to .SPY250717P626 POSITION_QTY
2026-03-11 22:25:58,055 - RTDClient - INFO - C:\Users\randy\tos-streamlit-dashboard-V2\src\rtd\client.py:182 - Already subscribed to .SPY250717C633 ASK
2026-03-11 22:25:58,062 - RTDClient - INFO - C:\Users\randy\tos-streamlit-dashboard-V2\src\rtd\client.py:182 - Already subscribed to .SPY250717P637 IMPL_VOL
2026-03-11 22:25:58,074 - RTDClient - INFO - C:\Users\randy\tos-streamlit-dashboard-V2\src\rtd\client.py:182 - Already subscribed to .SPY250717C646 LAST
2026-03-11 22:25:58,075 - RTDClient - INFO - C:\Users\randy\tos-streamlit-dashboard-V2\src\rtd\client.py:182 - Already subscribed to .SPY250717C646 BID
2026-03-11 22:25:58,076 - RTDClient - INFO - C:\Users\randy\tos-streamlit-dashboard-V2\src\rtd\client.py:182 - Already subscribed to .SPY250717P646 ASK
2026-03-11 22:47:30,751 - RTDClient - INFO - C:\Users\randy\tos-streamlit-dashboard-V2\src\rtd\client.py:86 - RTD Client instance created
2026-03-11 22:47:30,751 - RTDClient - INFO - C:\Users\randy\tos-streamlit-dashboard-V2\src\rtd\client.py:122 - Starting RTD server initialization
2026-03-11 22:47:30,757 - RTDClient - INFO - C:\Users\randy\tos-streamlit-dashboard-V2\src\rtd\client.py:140 - Server started successfully
2026-03-11 22:47:30,758 - RTDClient - INFO - C:\Users\randy\tos-streamlit-dashboard-V2\src\rtd\client.py:424 - Heartbeat interval set to 500ms
2026-03-11 22:47:30,758 - RTDClient - INFO - C:\Users\randy\tos-streamlit-dashboard-V2\src\rtd\client.py:145 - Heartbeat interval updated: 200ms -> 500ms
2026-03-11 22:47:31,279 - RTDClient - INFO - C:\Users\randy\tos-streamlit-dashboard-V2\src\rtd\client.py:182 - Already subscribed to .SPY250717P654 THETA
2026-03-11 22:47:31,298 - RTDClient - INFO - C:\Users\randy\tos-streamlit-dashboard-V2\src\rtd\client.py:182 - Already subscribed to .SPY250717C667 IMPL_VOL
2026-03-11 22:47:31,312 - RTDClient - INFO - C:\Users\randy\tos-streamlit-dashboard-V2\src\rtd\client.py:182 - Already subscribed to .SPY250717P676 BID
2026-03-11 22:47:31,319 - RTDClient - INFO - C:\Users\randy\tos-streamlit-dashboard-V2\src\rtd\client.py:182 - Already subscribed to .SPY250717C681 VOLUME
2026-03-11 22:47:31,325 - RTDClient - INFO - C:\Users\randy\tos-streamlit-dashboard-V2\src\rtd\client.py:182 - Already subscribed to .SPY250717P684 OPEN_INT
2026-03-11 22:49:01,375 - RTDClient - INFO - C:\Users\randy\tos-streamlit-dashboard-V2\src\rtd\client.py:86 - RTD Client instance created
2026-03-11 22:49:01,376 - RTDClient - INFO - C:\Users\randy\tos-streamlit-dashboard-V2\src\rtd\client.py:122 - Starting RTD server initialization
2026-03-11 22:49:01,382 - RTDClient - INFO - C:\Users\randy\tos-streamlit-dashboard-V2\src\rtd\client.py:140 - Server started successfully
2026-03-11 22:49:01,383 - RTDClient - INFO - C:\Users\randy\tos-streamlit-dashboard-V2\src\rtd\client.py:424 - Heartbeat interval set to 500ms
2026-03-11 22:49:01,383 - RTDClient - INFO - C:\Users\randy\tos-streamlit-dashboard-V2\src\rtd\client.py:145 - Heartbeat interval updated: 200ms -> 500ms
2026-03-11 22:49:01,908 - RTDClient - INFO - C:\Users\randy\tos-streamlit-dashboard-V2\src\rtd\client.py:182 - Already subscribed to .SPY250309P659 LAST
2026-03-11 22:49:01,926 - RTDClient - INFO - C:\Users\randy\tos-streamlit-dashboard-V2\src\rtd\client.py:182 - Already subscribed to .SPY250309C671 BID
2026-03-11 22:49:01,929 - RTDClient - INFO - C:\Users\randy\tos-streamlit-dashboard-V2\src\rtd\client.py:182 - Already subscribed to .SPY250309C673 AV_TRADE_PRICE
2026-03-11 22:49:01,931 - RTDClient - INFO - C:\Users\randy\tos-streamlit-dashboard-V2\src\rtd\client.py:182 - Already subscribed to .SPY250309C674 IMPL_VOL
2026-03-11 22:49:01,936 - RTDClient - INFO - C:\Users\randy\tos-streamlit-dashboard-V2\src\rtd\client.py:182 - Already subscribed to .SPY250309P677 ASK
2026-03-11 22:49:01,939 - RTDClient - INFO - C:\Users\randy\tos-streamlit-dashboard-V2\src\rtd\client.py:182 - Already subscribed to .SPY250309P679 BID
2026-03-11 22:49:01,941 - RTDClient - INFO - C:\Users\randy\tos-streamlit-dashboard-V2\src\rtd\client.py:182 - Already subscribed to .SPY250309P680 DELTA
2026-03-11 22:49:04,902 - RTDClient - INFO - C:\Users\randy\tos-streamlit-dashboard-V2\src\rtd\client.py:86 - RTD Client instance created
2026-03-11 22:49:04,902 - RTDClient - INFO - C:\Users\randy\tos-streamlit-dashboard-V2\src\rtd\client.py:122 - Starting RTD server initialization
2026-03-11 22:49:04,909 - RTDClient - INFO - C:\Users\randy\tos-streamlit-dashboard-V2\src\rtd\client.py:140 - Server started successfully
2026-03-11 22:49:04,909 - RTDClient - INFO - C:\Users\randy\tos-streamlit-dashboard-V2\src\rtd\client.py:424 - Heartbeat interval set to 500ms
2026-03-11 22:49:04,909 - RTDClient - INFO - C:\Users\randy\tos-streamlit-dashboard-V2\src\rtd\client.py:145 - Heartbeat interval updated: 200ms -> 500ms
2026-03-11 22:49:05,435 - RTDClient - INFO - C:\Users\randy\tos-streamlit-dashboard-V2\src\rtd\client.py:182 - Already subscribed to .SPY250309P659 LAST
2026-03-11 22:49:05,452 - RTDClient - INFO - C:\Users\randy\tos-streamlit-dashboard-V2\src\rtd\client.py:182 - Already subscribed to .SPY250309C671 BID
2026-03-11 22:49:05,456 - RTDClient - INFO - C:\Users\randy\tos-streamlit-dashboard-V2\src\rtd\client.py:182 - Already subscribed to .SPY250309C673 AV_TRADE_PRICE
2026-03-11 22:49:05,458 - RTDClient - INFO - C:\Users\randy\tos-streamlit-dashboard-V2\src\rtd\client.py:182 - Already subscribed to .SPY250309C674 IMPL_VOL
2026-03-11 22:49:05,463 - RTDClient - INFO - C:\Users\randy\tos-streamlit-dashboard-V2\src\rtd\client.py:182 - Already subscribed to .SPY250309P677 ASK
2026-03-11 22:49:05,466 - RTDClient - INFO - C:\Users\randy\tos-streamlit-dashboard-V2\src\rtd\client.py:182 - Already subscribed to .SPY250309P679 BID
2026-03-11 22:49:05,467 - RTDClient - INFO - C:\Users\randy\tos-streamlit-dashboard-V2\src\rtd\client.py:182 - Already subscribed to .SPY250309P680 DELTA
2026-03-11 22:55:06,196 - RTDClient - INFO - C:\Users\randy\tos-streamlit-dashboard-V2\src\rtd\client.py:86 - RTD Client instance created
2026-03-11 22:55:06,197 - RTDClient - INFO - C:\Users\randy\tos-streamlit-dashboard-V2\src\rtd\client.py:122 - Starting RTD server initialization
2026-03-11 22:55:06,204 - RTDClient - INFO - C:\Users\randy\tos-streamlit-dashboard-V2\src\rtd\client.py:140 - Server started successfully
2026-03-11 22:55:06,204 - RTDClient - INFO - C:\Users\randy\tos-streamlit-dashboard-V2\src\rtd\client.py:424 - Heartbeat interval set to 500ms
2026-03-11 22:55:06,204 - RTDClient - INFO - C:\Users\randy\tos-streamlit-dashboard-V2\src\rtd\client.py:145 - Heartbeat interval updated: 200ms -> 500ms
2026-03-11 22:55:06,728 - RTDClient - INFO - C:\Users\randy\tos-streamlit-dashboard-V2\src\rtd\client.py:182 - Already subscribed to .SPY250309P659 LAST
2026-03-11 22:55:06,745 - RTDClient - INFO - C:\Users\randy\tos-streamlit-dashboard-V2\src\rtd\client.py:182 - Already subscribed to .SPY250309C671 BID
2026-03-11 22:55:06,749 - RTDClient - INFO - C:\Users\randy\tos-streamlit-dashboard-V2\src\rtd\client.py:182 - Already subscribed to .SPY250309C673 AV_TRADE_PRICE
2026-03-11 22:55:06,751 - RTDClient - INFO - C:\Users\randy\tos-streamlit-dashboard-V2\src\rtd\client.py:182 - Already subscribed to .SPY250309C674 IMPL_VOL
2026-03-11 22:55:06,755 - RTDClient - INFO - C:\Users\randy\tos-streamlit-dashboard-V2\src\rtd\client.py:182 - Already subscribed to .SPY250309P677 ASK
2026-03-11 22:55:06,759 - RTDClient - INFO - C:\Users\randy\tos-streamlit-dashboard-V2\src\rtd\client.py:182 - Already subscribed to .SPY250309P679 BID
2026-03-11 22:55:06,761 - RTDClient - INFO - C:\Users\randy\tos-streamlit-dashboard-V2\src\rtd\client.py:182 - Already subscribed to .SPY250309P680 DELTA
2026-03-11 22:58:30,411 - RTDClient - INFO - C:\Users\randy\tos-streamlit-dashboard-V2\src\rtd\client.py:86 - RTD Client instance created
2026-03-11 22:58:30,411 - RTDClient - INFO - C:\Users\randy\tos-streamlit-dashboard-V2\src\rtd\client.py:122 - Starting RTD server initialization
2026-03-11 22:58:30,417 - RTDClient - INFO - C:\Users\randy\tos-streamlit-dashboard-V2\src\rtd\client.py:140 - Server started successfully
2026-03-11 22:58:30,417 - RTDClient - INFO - C:\Users\randy\tos-streamlit-dashboard-V2\src\rtd\client.py:424 - Heartbeat interval set to 500ms
2026-03-11 22:58:30,417 - RTDClient - INFO - C:\Users\randy\tos-streamlit-dashboard-V2\src\rtd\client.py:145 - Heartbeat interval updated: 200ms -> 500ms
2026-03-11 22:58:30,924 - RTDClient - INFO - C:\Users\randy\tos-streamlit-dashboard-V2\src\rtd\client.py:182 - Already subscribed to .SPY250309P659 LAST
2026-03-11 22:58:30,942 - RTDClient - INFO - C:\Users\randy\tos-streamlit-dashboard-V2\src\rtd\client.py:182 - Already subscribed to .SPY250309C671 BID
2026-03-11 22:58:30,946 - RTDClient - INFO - C:\Users\randy\tos-streamlit-dashboard-V2\src\rtd\client.py:182 - Already subscribed to .SPY250309C673 AV_TRADE_PRICE
2026-03-11 22:58:30,953 - RTDClient - INFO - C:\Users\randy\tos-streamlit-dashboard-V2\src\rtd\client.py:182 - Already subscribed to .SPY250309P677 ASK
2026-03-11 22:58:30,956 - RTDClient - INFO - C:\Users\randy\tos-streamlit-dashboard-V2\src\rtd\client.py:182 - Already subscribed to .SPY250309P679 BID
2026-03-11 22:58:30,958 - RTDClient - INFO - C:\Users\randy\tos-streamlit-dashboard-V2\src\rtd\client.py:182 - Already subscribed to .SPY250309P680 DELTA
2026-03-11 22:58:30,965 - RTDClient - INFO - C:\Users\randy\tos-streamlit-dashboard-V2\src\rtd\client.py:182 - Already subscribed to .SPY250309P685 MARK
2026-03-11 22:58:30,967 - RTDClient - INFO - C:\Users\randy\tos-streamlit-dashboard-V2\src\rtd\client.py:182 - Already subscribed to .SPY250309P686 THETA
2026-03-11 22:58:30,969 - RTDClient - INFO - C:\Users\randy\tos-streamlit-dashboard-V2\src\rtd\client.py:182 - Already subscribed to .SPY250309C688 VOLUME
2026-03-11 22:58:30,970 - RTDClient - INFO - C:\Users\randy\tos-streamlit-dashboard-V2\src\rtd\client.py:182 - Already subscribed to .SPY250309C688 THETA
2026-03-11 22:58:30,978 - RTDClient - INFO - C:\Users\randy\tos-streamlit-dashboard-V2\src\rtd\client.py:182 - Already subscribed to .SPY250309C694 THETA
2026-03-11 22:58:30,980 - RTDClient - INFO - C:\Users\randy\tos-streamlit-dashboard-V2\src\rtd\client.py:182 - Already subscribed to .SPY250309C695 GAMMA
2026-03-12 01:52:53,259 - RTDClient - INFO - C:\Users\randy\tos-streamlit-dashboard-V2\src\rtd\client.py:86 - RTD Client instance created
2026-03-12 01:52:53,260 - RTDClient - INFO - C:\Users\randy\tos-streamlit-dashboard-V2\src\rtd\client.py:122 - Starting RTD server initialization
2026-03-12 01:52:53,327 - RTDClient - INFO - C:\Users\randy\tos-streamlit-dashboard-V2\src\rtd\client.py:140 - Server started successfully
2026-03-12 01:52:53,328 - RTDClient - INFO - C:\Users\randy\tos-streamlit-dashboard-V2\src\rtd\client.py:424 - Heartbeat interval set to 500ms
2026-03-12 01:52:53,328 - RTDClient - INFO - C:\Users\randy\tos-streamlit-dashboard-V2\src\rtd\client.py:145 - Heartbeat interval updated: 200ms -> 500ms
2026-03-12 01:52:53,856 - RTDClient - INFO - C:\Users\randy\tos-streamlit-dashboard-V2\src\rtd\client.py:182 - Already subscribed to .SPY260312P667 AV_TRADE_PRICE
2026-03-12 01:52:53,868 - RTDClient - INFO - C:\Users\randy\tos-streamlit-dashboard-V2\src\rtd\client.py:182 - Already subscribed to .SPY260312P673 AV_TRADE_PRICE
2026-03-12 01:52:53,870 - RTDClient - INFO - C:\Users\randy\tos-streamlit-dashboard-V2\src\rtd\client.py:182 - Already subscribed to .SPY260312P674 ASK
2026-03-12 01:52:53,870 - RTDClient - INFO - C:\Users\randy\tos-streamlit-dashboard-V2\src\rtd\client.py:182 - Already subscribed to .SPY260312P674 DELTA
2026-03-12 01:52:53,880 - RTDClient - INFO - C:\Users\randy\tos-streamlit-dashboard-V2\src\rtd\client.py:182 - Already subscribed to .SPY260312P680 AV_TRADE_PRICE
2026-03-12 01:52:53,890 - RTDClient - INFO - C:\Users\randy\tos-streamlit-dashboard-V2\src\rtd\client.py:182 - Already subscribed to .SPY260312C686 ASK
2026-03-12 01:52:53,895 - RTDClient - INFO - C:\Users\randy\tos-streamlit-dashboard-V2\src\rtd\client.py:182 - Already subscribed to .SPY260312C688 POSITION_QTY
2026-03-12 01:52:53,902 - RTDClient - INFO - C:\Users\randy\tos-streamlit-dashboard-V2\src\rtd\client.py:182 - Already subscribed to .SPY260312P693 LAST
2026-03-12 01:52:53,903 - RTDClient - INFO - C:\Users\randy\tos-streamlit-dashboard-V2\src\rtd\client.py:182 - Already subscribed to .SPY260312P693 OPEN_INT
2026-03-12 01:52:53,906 - RTDClient - INFO - C:\Users\randy\tos-streamlit-dashboard-V2\src\rtd\client.py:182 - Already subscribed to .SPY260312C696 LAST
2026-03-12 01:54:58,734 - RTDClient - INFO - C:\Users\randy\tos-streamlit-dashboard-V2\src\rtd\client.py:86 - RTD Client instance created
2026-03-12 01:54:58,734 - RTDClient - INFO - C:\Users\randy\tos-streamlit-dashboard-V2\src\rtd\client.py:122 - Starting RTD server initialization
2026-03-12 01:54:58,740 - RTDClient - INFO - C:\Users\randy\tos-streamlit-dashboard-V2\src\rtd\client.py:140 - Server started successfully
2026-03-12 01:54:58,740 - RTDClient - INFO - C:\Users\randy\tos-streamlit-dashboard-V2\src\rtd\client.py:424 - Heartbeat interval set to 500ms
2026-03-12 01:54:58,740 - RTDClient - INFO - C:\Users\randy\tos-streamlit-dashboard-V2\src\rtd\client.py:145 - Heartbeat interval updated: 200ms -> 500ms
2026-03-12 01:54:59,264 - RTDClient - INFO - C:\Users\randy\tos-streamlit-dashboard-V2\src\rtd\client.py:182 - Already subscribed to .SPY260312P667 AV_TRADE_PRICE
2026-03-12 01:54:59,273 - RTDClient - INFO - C:\Users\randy\tos-streamlit-dashboard-V2\src\rtd\client.py:182 - Already subscribed to .SPY260312P673 AV_TRADE_PRICE
2026-03-12 01:54:59,274 - RTDClient - INFO - C:\Users\randy\tos-streamlit-dashboard-V2\src\rtd\client.py:182 - Already subscribed to .SPY260312P674 ASK
2026-03-12 01:54:59,275 - RTDClient - INFO - C:\Users\randy\tos-streamlit-dashboard-V2\src\rtd\client.py:182 - Already subscribed to .SPY260312P674 DELTA
2026-03-12 01:54:59,286 - RTDClient - INFO - C:\Users\randy\tos-streamlit-dashboard-V2\src\rtd\client.py:182 - Already subscribed to .SPY260312P680 AV_TRADE_PRICE
2026-03-12 01:54:59,293 - RTDClient - INFO - C:\Users\randy\tos-streamlit-dashboard-V2\src\rtd\client.py:182 - Already subscribed to .SPY260312C686 ASK
2026-03-12 01:54:59,297 - RTDClient - INFO - C:\Users\randy\tos-streamlit-dashboard-V2\src\rtd\client.py:182 - Already subscribed to .SPY260312C688 POSITION_QTY
2026-03-12 01:54:59,304 - RTDClient - INFO - C:\Users\randy\tos-streamlit-dashboard-V2\src\rtd\client.py:182 - Already subscribed to .SPY260312P693 LAST
2026-03-12 01:54:59,305 - RTDClient - INFO - C:\Users\randy\tos-streamlit-dashboard-V2\src\rtd\client.py:182 - Already subscribed to .SPY260312P693 OPEN_INT
2026-03-12 01:54:59,308 - RTDClient - INFO - C:\Users\randy\tos-streamlit-dashboard-V2\src\rtd\client.py:182 - Already subscribed to .SPY260312C696 LAST
2026-03-12 02:08:49,926 - RTDClient - INFO - C:\Users\randy\tos-streamlit-dashboard-V2\src\rtd\client.py:86 - RTD Client instance created
2026-03-12 02:08:49,926 - RTDClient - INFO - C:\Users\randy\tos-streamlit-dashboard-V2\src\rtd\client.py:122 - Starting RTD server initialization
2026-03-12 02:08:49,932 - RTDClient - INFO - C:\Users\randy\tos-streamlit-dashboard-V2\src\rtd\client.py:140 - Server started successfully
2026-03-12 02:08:49,932 - RTDClient - INFO - C:\Users\randy\tos-streamlit-dashboard-V2\src\rtd\client.py:424 - Heartbeat interval set to 500ms
2026-03-12 02:08:49,933 - RTDClient - INFO - C:\Users\randy\tos-streamlit-dashboard-V2\src\rtd\client.py:145 - Heartbeat interval updated: 200ms -> 500ms
2026-03-12 02:08:50,457 - RTDClient - INFO - C:\Users\randy\tos-streamlit-dashboard-V2\src\rtd\client.py:182 - Already subscribed to .SPY260312P667 AV_TRADE_PRICE
2026-03-12 02:08:50,465 - RTDClient - INFO - C:\Users\randy\tos-streamlit-dashboard-V2\src\rtd\client.py:182 - Already subscribed to .SPY260312P673 AV_TRADE_PRICE
2026-03-12 02:08:50,467 - RTDClient - INFO - C:\Users\randy\tos-streamlit-dashboard-V2\src\rtd\client.py:182 - Already subscribed to .SPY260312P674 ASK
2026-03-12 02:08:50,467 - RTDClient - INFO - C:\Users\randy\tos-streamlit-dashboard-V2\src\rtd\client.py:182 - Already subscribed to .SPY260312P674 DELTA
2026-03-12 02:08:50,478 - RTDClient - INFO - C:\Users\randy\tos-streamlit-dashboard-V2\src\rtd\client.py:182 - Already subscribed to .SPY260312P680 AV_TRADE_PRICE
2026-03-12 02:08:50,486 - RTDClient - INFO - C:\Users\randy\tos-streamlit-dashboard-V2\src\rtd\client.py:182 - Already subscribed to .SPY260312C686 ASK
2026-03-12 02:08:50,489 - RTDClient - INFO - C:\Users\randy\tos-streamlit-dashboard-V2\src\rtd\client.py:182 - Already subscribed to .SPY260312C688 POSITION_QTY
2026-03-12 02:08:50,497 - RTDClient - INFO - C:\Users\randy\tos-streamlit-dashboard-V2\src\rtd\client.py:182 - Already subscribed to .SPY260312P693 LAST
2026-03-12 02:08:50,497 - RTDClient - INFO - C:\Users\randy\tos-streamlit-dashboard-V2\src\rtd\client.py:182 - Already subscribed to .SPY260312P693 OPEN_INT
2026-03-12 02:08:50,501 - RTDClient - INFO - C:\Users\randy\tos-streamlit-dashboard-V2\src\rtd\client.py:182 - Already subscribed to .SPY260312C696 LAST
2026-03-12 02:09:31,540 - RTDClient - INFO - C:\Users\randy\tos-streamlit-dashboard-V2\src\rtd\client.py:86 - RTD Client instance created
2026-03-12 02:09:31,541 - RTDClient - INFO - C:\Users\randy\tos-streamlit-dashboard-V2\src\rtd\client.py:122 - Starting RTD server initialization
2026-03-12 02:09:31,546 - RTDClient - INFO - C:\Users\randy\tos-streamlit-dashboard-V2\src\rtd\client.py:140 - Server started successfully
2026-03-12 02:09:31,547 - RTDClient - INFO - C:\Users\randy\tos-streamlit-dashboard-V2\src\rtd\client.py:424 - Heartbeat interval set to 500ms
2026-03-12 02:09:31,547 - RTDClient - INFO - C:\Users\randy\tos-streamlit-dashboard-V2\src\rtd\client.py:145 - Heartbeat interval updated: 200ms -> 500ms
2026-03-12 02:09:32,067 - RTDClient - INFO - C:\Users\randy\tos-streamlit-dashboard-V2\src\rtd\client.py:182 - Already subscribed to .SPY260312P667 AV_TRADE_PRICE
2026-03-12 02:09:32,076 - RTDClient - INFO - C:\Users\randy\tos-streamlit-dashboard-V2\src\rtd\client.py:182 - Already subscribed to .SPY260312P673 AV_TRADE_PRICE
2026-03-12 02:09:32,077 - RTDClient - INFO - C:\Users\randy\tos-streamlit-dashboard-V2\src\rtd\client.py:182 - Already subscribed to .SPY260312P674 ASK
2026-03-12 02:09:32,078 - RTDClient - INFO - C:\Users\randy\tos-streamlit-dashboard-V2\src\rtd\client.py:182 - Already subscribed to .SPY260312P674 DELTA
2026-03-12 02:09:32,088 - RTDClient - INFO - C:\Users\randy\tos-streamlit-dashboard-V2\src\rtd\client.py:182 - Already subscribed to .SPY260312P680 AV_TRADE_PRICE
2026-03-12 02:09:32,095 - RTDClient - INFO - C:\Users\randy\tos-streamlit-dashboard-V2\src\rtd\client.py:182 - Already subscribed to .SPY260312C686 ASK
2026-03-12 02:09:32,099 - RTDClient - INFO - C:\Users\randy\tos-streamlit-dashboard-V2\src\rtd\client.py:182 - Already subscribed to .SPY260312C688 POSITION_QTY
2026-03-12 02:09:32,106 - RTDClient - INFO - C:\Users\randy\tos-streamlit-dashboard-V2\src\rtd\client.py:182 - Already subscribed to .SPY260312P693 LAST
2026-03-12 02:09:32,107 - RTDClient - INFO - C:\Users\randy\tos-streamlit-dashboard-V2\src\rtd\client.py:182 - Already subscribed to .SPY260312P693 OPEN_INT
2026-03-12 02:09:32,110 - RTDClient - INFO - C:\Users\randy\tos-streamlit-dashboard-V2\src\rtd\client.py:182 - Already subscribed to .SPY260312C696 LAST
2026-03-12 02:14:08,762 - RTDClient - INFO - C:\Users\randy\tos-streamlit-dashboard-V2\src\rtd\client.py:86 - RTD Client instance created
2026-03-12 02:14:08,763 - RTDClient - INFO - C:\Users\randy\tos-streamlit-dashboard-V2\src\rtd\client.py:122 - Starting RTD server initialization
2026-03-12 02:14:08,769 - RTDClient - INFO - C:\Users\randy\tos-streamlit-dashboard-V2\src\rtd\client.py:140 - Server started successfully
2026-03-12 02:14:08,769 - RTDClient - INFO - C:\Users\randy\tos-streamlit-dashboard-V2\src\rtd\client.py:424 - Heartbeat interval set to 500ms
2026-03-12 02:14:08,770 - RTDClient - INFO - C:\Users\randy\tos-streamlit-dashboard-V2\src\rtd\client.py:145 - Heartbeat interval updated: 200ms -> 500ms
2026-03-12 02:14:09,290 - RTDClient - INFO - C:\Users\randy\tos-streamlit-dashboard-V2\src\rtd\client.py:182 - Already subscribed to .SPY260312P667 AV_TRADE_PRICE
2026-03-12 02:14:09,302 - RTDClient - INFO - C:\Users\randy\tos-streamlit-dashboard-V2\src\rtd\client.py:182 - Already subscribed to .SPY260312P673 AV_TRADE_PRICE
2026-03-12 02:14:09,304 - RTDClient - INFO - C:\Users\randy\tos-streamlit-dashboard-V2\src\rtd\client.py:182 - Already subscribed to .SPY260312P674 ASK
2026-03-12 02:14:09,304 - RTDClient - INFO - C:\Users\randy\tos-streamlit-dashboard-V2\src\rtd\client.py:182 - Already subscribed to .SPY260312P674 DELTA
2026-03-12 02:14:09,315 - RTDClient - INFO - C:\Users\randy\tos-streamlit-dashboard-V2\src\rtd\client.py:182 - Already subscribed to .SPY260312P680 AV_TRADE_PRICE
2026-03-12 02:14:09,325 - RTDClient - INFO - C:\Users\randy\tos-streamlit-dashboard-V2\src\rtd\client.py:182 - Already subscribed to .SPY260312C686 ASK
2026-03-12 02:14:09,329 - RTDClient - INFO - C:\Users\randy\tos-streamlit-dashboard-V2\src\rtd\client.py:182 - Already subscribed to .SPY260312C688 POSITION_QTY
2026-03-12 02:14:09,340 - RTDClient - INFO - C:\Users\randy\tos-streamlit-dashboard-V2\src\rtd\client.py:182 - Already subscribed to .SPY260312P693 LAST
2026-03-12 02:14:09,340 - RTDClient - INFO - C:\Users\randy\tos-streamlit-dashboard-V2\src\rtd\client.py:182 - Already subscribed to .SPY260312P693 OPEN_INT
2026-03-12 02:14:09,344 - RTDClient - INFO - C:\Users\randy\tos-streamlit-dashboard-V2\src\rtd\client.py:182 - Already subscribed to .SPY260312C696 LAST
2026-03-12 02:15:11,795 - RTDClient - INFO - C:\Users\randy\tos-streamlit-dashboard-V2\src\rtd\client.py:86 - RTD Client instance created
2026-03-12 02:15:11,795 - RTDClient - INFO - C:\Users\randy\tos-streamlit-dashboard-V2\src\rtd\client.py:122 - Starting RTD server initialization
2026-03-12 02:15:11,801 - RTDClient - INFO - C:\Users\randy\tos-streamlit-dashboard-V2\src\rtd\client.py:140 - Server started successfully
2026-03-12 02:15:11,801 - RTDClient - INFO - C:\Users\randy\tos-streamlit-dashboard-V2\src\rtd\client.py:424 - Heartbeat interval set to 500ms
2026-03-12 02:15:11,801 - RTDClient - INFO - C:\Users\randy\tos-streamlit-dashboard-V2\src\rtd\client.py:145 - Heartbeat interval updated: 200ms -> 500ms
2026-03-12 02:15:12,320 - RTDClient - INFO - C:\Users\randy\tos-streamlit-dashboard-V2\src\rtd\client.py:182 - Already subscribed to .SPY260312P667 AV_TRADE_PRICE
2026-03-12 02:15:12,328 - RTDClient - INFO - C:\Users\randy\tos-streamlit-dashboard-V2\src\rtd\client.py:182 - Already subscribed to .SPY260312P673 AV_TRADE_PRICE
2026-03-12 02:15:12,330 - RTDClient - INFO - C:\Users\randy\tos-streamlit-dashboard-V2\src\rtd\client.py:182 - Already subscribed to .SPY260312P674 ASK
2026-03-12 02:15:12,330 - RTDClient - INFO - C:\Users\randy\tos-streamlit-dashboard-V2\src\rtd\client.py:182 - Already subscribed to .SPY260312P674 DELTA
2026-03-12 02:15:12,338 - RTDClient - INFO - C:\Users\randy\tos-streamlit-dashboard-V2\src\rtd\client.py:182 - Already subscribed to .SPY260312P680 AV_TRADE_PRICE
2026-03-12 02:15:12,346 - RTDClient - INFO - C:\Users\randy\tos-streamlit-dashboard-V2\src\rtd\client.py:182 - Already subscribed to .SPY260312C686 ASK
2026-03-12 02:15:12,349 - RTDClient - INFO - C:\Users\randy\tos-streamlit-dashboard-V2\src\rtd\client.py:182 - Already subscribed to .SPY260312C688 POSITION_QTY
2026-03-12 02:15:12,356 - RTDClient - INFO - C:\Users\randy\tos-streamlit-dashboard-V2\src\rtd\client.py:182 - Already subscribed to .SPY260312P693 LAST
2026-03-12 02:15:12,357 - RTDClient - INFO - C:\Users\randy\tos-streamlit-dashboard-V2\src\rtd\client.py:182 - Already subscribed to .SPY260312P693 OPEN_INT
2026-03-12 02:15:12,361 - RTDClient - INFO - C:\Users\randy\tos-streamlit-dashboard-V2\src\rtd\client.py:182 - Already subscribed to .SPY260312C696 LAST
2026-03-12 02:16:43,579 - RTDClient - INFO - C:\Users\randy\tos-streamlit-dashboard-V2\src\rtd\client.py:86 - RTD Client instance created
2026-03-12 02:16:43,580 - RTDClient - INFO - C:\Users\randy\tos-streamlit-dashboard-V2\src\rtd\client.py:122 - Starting RTD server initialization
2026-03-12 02:16:43,586 - RTDClient - INFO - C:\Users\randy\tos-streamlit-dashboard-V2\src\rtd\client.py:140 - Server started successfully
2026-03-12 02:16:43,587 - RTDClient - INFO - C:\Users\randy\tos-streamlit-dashboard-V2\src\rtd\client.py:424 - Heartbeat interval set to 500ms
2026-03-12 02:16:43,587 - RTDClient - INFO - C:\Users\randy\tos-streamlit-dashboard-V2\src\rtd\client.py:145 - Heartbeat interval updated: 200ms -> 500ms
2026-03-12 02:16:44,106 - RTDClient - INFO - C:\Users\randy\tos-streamlit-dashboard-V2\src\rtd\client.py:182 - Already subscribed to .SPY260312P667 AV_TRADE_PRICE
2026-03-12 02:16:44,116 - RTDClient - INFO - C:\Users\randy\tos-streamlit-dashboard-V2\src\rtd\client.py:182 - Already subscribed to .SPY260312P673 AV_TRADE_PRICE
2026-03-12 02:16:44,117 - RTDClient - INFO - C:\Users\randy\tos-streamlit-dashboard-V2\src\rtd\client.py:182 - Already subscribed to .SPY260312P674 ASK
2026-03-12 02:16:44,118 - RTDClient - INFO - C:\Users\randy\tos-streamlit-dashboard-V2\src\rtd\client.py:182 - Already subscribed to .SPY260312P674 DELTA
2026-03-12 02:16:44,129 - RTDClient - INFO - C:\Users\randy\tos-streamlit-dashboard-V2\src\rtd\client.py:182 - Already subscribed to .SPY260312P680 AV_TRADE_PRICE
2026-03-12 02:16:44,139 - RTDClient - INFO - C:\Users\randy\tos-streamlit-dashboard-V2\src\rtd\client.py:182 - Already subscribed to .SPY260312C686 ASK
2026-03-12 02:16:44,143 - RTDClient - INFO - C:\Users\randy\tos-streamlit-dashboard-V2\src\rtd\client.py:182 - Already subscribed to .SPY260312C688 POSITION_QTY
2026-03-12 02:16:44,151 - RTDClient - INFO - C:\Users\randy\tos-streamlit-dashboard-V2\src\rtd\client.py:182 - Already subscribed to .SPY260312P693 LAST
2026-03-12 02:16:44,151 - RTDClient - INFO - C:\Users\randy\tos-streamlit-dashboard-V2\src\rtd\client.py:182 - Already subscribed to .SPY260312P693 OPEN_INT
2026-03-12 02:16:44,155 - RTDClient - INFO - C:\Users\randy\tos-streamlit-dashboard-V2\src\rtd\client.py:182 - Already subscribed to .SPY260312C696 LAST
2026-03-12 02:32:00,145 - RTDClient - INFO - C:\Users\randy\tos-streamlit-dashboard-V2\src\rtd\client.py:86 - RTD Client instance created
2026-03-12 02:32:00,145 - RTDClient - INFO - C:\Users\randy\tos-streamlit-dashboard-V2\src\rtd\client.py:122 - Starting RTD server initialization
2026-03-12 02:32:00,151 - RTDClient - INFO - C:\Users\randy\tos-streamlit-dashboard-V2\src\rtd\client.py:140 - Server started successfully
2026-03-12 02:32:00,152 - RTDClient - INFO - C:\Users\randy\tos-streamlit-dashboard-V2\src\rtd\client.py:424 - Heartbeat interval set to 500ms
2026-03-12 02:32:00,152 - RTDClient - INFO - C:\Users\randy\tos-streamlit-dashboard-V2\src\rtd\client.py:145 - Heartbeat interval updated: 200ms -> 500ms
2026-03-12 02:32:00,671 - RTDClient - INFO - C:\Users\randy\tos-streamlit-dashboard-V2\src\rtd\client.py:182 - Already subscribed to .SPY260312P667 AV_TRADE_PRICE
2026-03-12 02:32:00,680 - RTDClient - INFO - C:\Users\randy\tos-streamlit-dashboard-V2\src\rtd\client.py:182 - Already subscribed to .SPY260312P673 AV_TRADE_PRICE
2026-03-12 02:32:00,681 - RTDClient - INFO - C:\Users\randy\tos-streamlit-dashboard-V2\src\rtd\client.py:182 - Already subscribed to .SPY260312P674 ASK
2026-03-12 02:32:00,682 - RTDClient - INFO - C:\Users\randy\tos-streamlit-dashboard-V2\src\rtd\client.py:182 - Already subscribed to .SPY260312P674 DELTA
2026-03-12 02:32:00,691 - RTDClient - INFO - C:\Users\randy\tos-streamlit-dashboard-V2\src\rtd\client.py:182 - Already subscribed to .SPY260312P680 AV_TRADE_PRICE
2026-03-12 02:32:00,698 - RTDClient - INFO - C:\Users\randy\tos-streamlit-dashboard-V2\src\rtd\client.py:182 - Already subscribed to .SPY260312C686 ASK
2026-03-12 02:32:00,701 - RTDClient - INFO - C:\Users\randy\tos-streamlit-dashboard-V2\src\rtd\client.py:182 - Already subscribed to .SPY260312C688 POSITION_QTY
2026-03-12 02:32:00,709 - RTDClient - INFO - C:\Users\randy\tos-streamlit-dashboard-V2\src\rtd\client.py:182 - Already subscribed to .SPY260312P693 LAST
2026-03-12 02:32:00,710 - RTDClient - INFO - C:\Users\randy\tos-streamlit-dashboard-V2\src\rtd\client.py:182 - Already subscribed to .SPY260312P693 OPEN_INT
2026-03-12 02:32:00,714 - RTDClient - INFO - C:\Users\randy\tos-streamlit-dashboard-V2\src\rtd\client.py:182 - Already subscribed to .SPY260312C696 LAST
2026-03-12 02:32:34,063 - RTDClient - INFO - C:\Users\randy\tos-streamlit-dashboard-V2\src\rtd\client.py:86 - RTD Client instance created
2026-03-12 02:32:34,063 - RTDClient - INFO - C:\Users\randy\tos-streamlit-dashboard-V2\src\rtd\client.py:122 - Starting RTD server initialization
2026-03-12 02:32:34,070 - RTDClient - INFO - C:\Users\randy\tos-streamlit-dashboard-V2\src\rtd\client.py:140 - Server started successfully
2026-03-12 02:32:34,071 - RTDClient - INFO - C:\Users\randy\tos-streamlit-dashboard-V2\src\rtd\client.py:424 - Heartbeat interval set to 500ms
2026-03-12 02:32:34,071 - RTDClient - INFO - C:\Users\randy\tos-streamlit-dashboard-V2\src\rtd\client.py:145 - Heartbeat interval updated: 200ms -> 500ms
2026-03-12 02:32:34,591 - RTDClient - INFO - C:\Users\randy\tos-streamlit-dashboard-V2\src\rtd\client.py:182 - Already subscribed to .SPY260312P667 AV_TRADE_PRICE
2026-03-12 02:32:34,599 - RTDClient - INFO - C:\Users\randy\tos-streamlit-dashboard-V2\src\rtd\client.py:182 - Already subscribed to .SPY260312P673 AV_TRADE_PRICE
2026-03-12 02:32:34,601 - RTDClient - INFO - C:\Users\randy\tos-streamlit-dashboard-V2\src\rtd\client.py:182 - Already subscribed to .SPY260312P674 ASK
2026-03-12 02:32:34,601 - RTDClient - INFO - C:\Users\randy\tos-streamlit-dashboard-V2\src\rtd\client.py:182 - Already subscribed to .SPY260312P674 DELTA
2026-03-12 02:32:34,612 - RTDClient - INFO - C:\Users\randy\tos-streamlit-dashboard-V2\src\rtd\client.py:182 - Already subscribed to .SPY260312P680 AV_TRADE_PRICE
2026-03-12 02:32:34,622 - RTDClient - INFO - C:\Users\randy\tos-streamlit-dashboard-V2\src\rtd\client.py:182 - Already subscribed to .SPY260312C686 ASK
2026-03-12 02:32:34,625 - RTDClient - INFO - C:\Users\randy\tos-streamlit-dashboard-V2\src\rtd\client.py:182 - Already subscribed to .SPY260312C688 POSITION_QTY
2026-03-12 02:32:34,634 - RTDClient - INFO - C:\Users\randy\tos-streamlit-dashboard-V2\src\rtd\client.py:182 - Already subscribed to .SPY260312P693 LAST
2026-03-12 02:32:34,634 - RTDClient - INFO - C:\Users\randy\tos-streamlit-dashboard-V2\src\rtd\client.py:182 - Already subscribed to .SPY260312P693 OPEN_INT
2026-03-12 02:32:34,639 - RTDClient - INFO - C:\Users\randy\tos-streamlit-dashboard-V2\src\rtd\client.py:182 - Already subscribed to .SPY260312C696 LAST
2026-03-12 08:21:48,556 - RTDClient - INFO - C:\Users\randy\tos-streamlit-dashboard-V2\src\rtd\client.py:86 - RTD Client instance created
2026-03-12 08:21:48,558 - RTDClient - INFO - C:\Users\randy\tos-streamlit-dashboard-V2\src\rtd\client.py:122 - Starting RTD server initialization
2026-03-12 08:21:48,566 - RTDClient - INFO - C:\Users\randy\tos-streamlit-dashboard-V2\src\rtd\client.py:140 - Server started successfully
2026-03-12 08:21:48,567 - RTDClient - INFO - C:\Users\randy\tos-streamlit-dashboard-V2\src\rtd\client.py:424 - Heartbeat interval set to 500ms
2026-03-12 08:21:48,567 - RTDClient - INFO - C:\Users\randy\tos-streamlit-dashboard-V2\src\rtd\client.py:145 - Heartbeat interval updated: 200ms -> 500ms
2026-03-12 08:21:49,091 - RTDClient - INFO - C:\Users\randy\tos-streamlit-dashboard-V2\src\rtd\client.py:182 - Already subscribed to .SPY260312P667 AV_TRADE_PRICE
2026-03-12 08:21:49,101 - RTDClient - INFO - C:\Users\randy\tos-streamlit-dashboard-V2\src\rtd\client.py:182 - Already subscribed to .SPY260312P673 AV_TRADE_PRICE
2026-03-12 08:21:49,102 - RTDClient - INFO - C:\Users\randy\tos-streamlit-dashboard-V2\src\rtd\client.py:182 - Already subscribed to .SPY260312P674 ASK
2026-03-12 08:21:49,103 - RTDClient - INFO - C:\Users\randy\tos-streamlit-dashboard-V2\src\rtd\client.py:182 - Already subscribed to .SPY260312P674 DELTA
2026-03-12 08:21:49,112 - RTDClient - INFO - C:\Users\randy\tos-streamlit-dashboard-V2\src\rtd\client.py:182 - Already subscribed to .SPY260312P680 AV_TRADE_PRICE
2026-03-12 08:21:49,120 - RTDClient - INFO - C:\Users\randy\tos-streamlit-dashboard-V2\src\rtd\client.py:182 - Already subscribed to .SPY260312C686 ASK
2026-03-12 08:21:49,124 - RTDClient - INFO - C:\Users\randy\tos-streamlit-dashboard-V2\src\rtd\client.py:182 - Already subscribed to .SPY260312C688 POSITION_QTY
2026-03-12 08:21:49,133 - RTDClient - INFO - C:\Users\randy\tos-streamlit-dashboard-V2\src\rtd\client.py:182 - Already subscribed to .SPY260312P693 LAST
2026-03-12 08:21:49,134 - RTDClient - INFO - C:\Users\randy\tos-streamlit-dashboard-V2\src\rtd\client.py:182 - Already subscribed to .SPY260312P693 OPEN_INT
2026-03-12 08:21:49,137 - RTDClient - INFO - C:\Users\randy\tos-streamlit-dashboard-V2\src\rtd\client.py:182 - Already subscribed to .SPY260312C696 LAST
2026-03-12 08:24:57,123 - RTDClient - INFO - C:\Users\randy\tos-streamlit-dashboard-V2\src\rtd\client.py:86 - RTD Client instance created
2026-03-12 08:24:57,123 - RTDClient - INFO - C:\Users\randy\tos-streamlit-dashboard-V2\src\rtd\client.py:122 - Starting RTD server initialization
2026-03-12 08:24:57,130 - RTDClient - INFO - C:\Users\randy\tos-streamlit-dashboard-V2\src\rtd\client.py:140 - Server started successfully
2026-03-12 08:24:57,130 - RTDClient - INFO - C:\Users\randy\tos-streamlit-dashboard-V2\src\rtd\client.py:424 - Heartbeat interval set to 500ms
2026-03-12 08:24:57,131 - RTDClient - INFO - C:\Users\randy\tos-streamlit-dashboard-V2\src\rtd\client.py:145 - Heartbeat interval updated: 200ms -> 500ms
2026-03-12 08:24:57,646 - RTDClient - INFO - C:\Users\randy\tos-streamlit-dashboard-V2\src\rtd\client.py:182 - Already subscribed to .SPY260312P673 AV_TRADE_PRICE
2026-03-12 08:24:57,647 - RTDClient - INFO - C:\Users\randy\tos-streamlit-dashboard-V2\src\rtd\client.py:182 - Already subscribed to .SPY260312P674 ASK
2026-03-12 08:24:57,647 - RTDClient - INFO - C:\Users\randy\tos-streamlit-dashboard-V2\src\rtd\client.py:182 - Already subscribed to .SPY260312P674 DELTA
2026-03-12 08:24:57,660 - RTDClient - INFO - C:\Users\randy\tos-streamlit-dashboard-V2\src\rtd\client.py:182 - Already subscribed to .SPY260312P680 AV_TRADE_PRICE
2026-03-12 08:24:57,670 - RTDClient - INFO - C:\Users\randy\tos-streamlit-dashboard-V2\src\rtd\client.py:182 - Already subscribed to .SPY260312C686 ASK
2026-03-12 14:32:24,116 - RTDClient - INFO - C:\Users\randy\tos-streamlit-dashboard-V2\src\rtd\client.py:86 - RTD Client instance created
2026-03-12 14:32:24,117 - RTDClient - INFO - C:\Users\randy\tos-streamlit-dashboard-V2\src\rtd\client.py:122 - Starting RTD server initialization
2026-03-12 14:32:24,167 - RTDClient - INFO - C:\Users\randy\tos-streamlit-dashboard-V2\src\rtd\client.py:140 - Server started successfully
2026-03-12 14:32:24,167 - RTDClient - INFO - C:\Users\randy\tos-streamlit-dashboard-V2\src\rtd\client.py:424 - Heartbeat interval set to 500ms
2026-03-12 14:32:24,167 - RTDClient - INFO - C:\Users\randy\tos-streamlit-dashboard-V2\src\rtd\client.py:145 - Heartbeat interval updated: 200ms -> 500ms
2026-03-12 14:32:24,676 - RTDClient - INFO - C:\Users\randy\tos-streamlit-dashboard-V2\src\rtd\client.py:182 - Already subscribed to .SPY260312P647 IMPL_VOL
2026-03-12 14:32:24,688 - RTDClient - INFO - C:\Users\randy\tos-streamlit-dashboard-V2\src\rtd\client.py:182 - Already subscribed to .SPY260312C655 VOLUME
2026-03-12 14:32:24,693 - RTDClient - INFO - C:\Users\randy\tos-streamlit-dashboard-V2\src\rtd\client.py:182 - Already subscribed to .SPY260312C658 ASK
2026-03-12 14:32:24,705 - RTDClient - INFO - C:\Users\randy\tos-streamlit-dashboard-V2\src\rtd\client.py:182 - Already subscribed to .SPY260312C665 VOLUME
2026-03-12 14:32:24,709 - RTDClient - INFO - C:\Users\randy\tos-streamlit-dashboard-V2\src\rtd\client.py:182 - Already subscribed to .SPY260312C667 GAMMA
2026-03-12 14:32:24,710 - RTDClient - INFO - C:\Users\randy\tos-streamlit-dashboard-V2\src\rtd\client.py:182 - Already subscribed to .SPY260312P667 AV_TRADE_PRICE
2026-03-12 14:32:24,719 - RTDClient - INFO - C:\Users\randy\tos-streamlit-dashboard-V2\src\rtd\client.py:182 - Already subscribed to .SPY260312P673 AV_TRADE_PRICE
2026-03-12 14:32:24,720 - RTDClient - INFO - C:\Users\randy\tos-streamlit-dashboard-V2\src\rtd\client.py:182 - Already subscribed to .SPY260312P674 ASK
2026-03-12 14:32:24,721 - RTDClient - INFO - C:\Users\randy\tos-streamlit-dashboard-V2\src\rtd\client.py:182 - Already subscribed to .SPY260312P674 DELTA
2026-03-12 14:32:24,731 - RTDClient - INFO - C:\Users\randy\tos-streamlit-dashboard-V2\src\rtd\client.py:182 - Already subscribed to .SPY260312P680 AV_TRADE_PRICE
2026-03-12 14:32:24,739 - RTDClient - INFO - C:\Users\randy\tos-streamlit-dashboard-V2\src\rtd\client.py:182 - Already subscribed to .SPY260312C686 ASK
2026-03-12 14:32:24,743 - RTDClient - INFO - C:\Users\randy\tos-streamlit-dashboard-V2\src\rtd\client.py:182 - Already subscribed to .SPY260312C688 POSITION_QTY
2026-03-12 14:32:24,744 - RTDClient - INFO - C:\Users\randy\tos-streamlit-dashboard-V2\src\rtd\client.py:182 - Already subscribed to .SPY260312C689 THETA
2026-03-12 14:32:24,751 - RTDClient - INFO - C:\Users\randy\tos-streamlit-dashboard-V2\src\rtd\client.py:182 - Already subscribed to .SPY260312P693 LAST
2026-03-12 14:32:24,751 - RTDClient - INFO - C:\Users\randy\tos-streamlit-dashboard-V2\src\rtd\client.py:182 - Already subscribed to .SPY260312P693 OPEN_INT
2026-03-13 09:56:45,885 - RTDClient - INFO - C:\Users\randy\tos-streamlit-dashboard-V2\src\rtd\client.py:86 - RTD Client instance created
2026-03-13 09:56:45,886 - RTDClient - INFO - C:\Users\randy\tos-streamlit-dashboard-V2\src\rtd\client.py:122 - Starting RTD server initialization
2026-03-13 09:56:45,892 - RTDClient - INFO - C:\Users\randy\tos-streamlit-dashboard-V2\src\rtd\client.py:140 - Server started successfully
2026-03-13 09:56:45,892 - RTDClient - INFO - C:\Users\randy\tos-streamlit-dashboard-V2\src\rtd\client.py:424 - Heartbeat interval set to 500ms
2026-03-13 09:56:45,893 - RTDClient - INFO - C:\Users\randy\tos-streamlit-dashboard-V2\src\rtd\client.py:145 - Heartbeat interval updated: 200ms -> 500ms
2026-03-13 09:56:46,397 - RTDClient - INFO - C:\Users\randy\tos-streamlit-dashboard-V2\src\rtd\client.py:182 - Already subscribed to .SPY260312P647 IMPL_VOL
2026-03-13 09:56:46,414 - RTDClient - INFO - C:\Users\randy\tos-streamlit-dashboard-V2\src\rtd\client.py:182 - Already subscribed to .SPY260312C658 ASK
2026-03-13 09:56:46,424 - RTDClient - INFO - C:\Users\randy\tos-streamlit-dashboard-V2\src\rtd\client.py:182 - Already subscribed to .SPY260312C665 VOLUME
2026-03-13 09:56:46,427 - RTDClient - INFO - C:\Users\randy\tos-streamlit-dashboard-V2\src\rtd\client.py:182 - Already subscribed to .SPY260312C667 GAMMA
2026-03-13 09:56:46,429 - RTDClient - INFO - C:\Users\randy\tos-streamlit-dashboard-V2\src\rtd\client.py:182 - Already subscribed to .SPY260312P667 AV_TRADE_PRICE
2026-03-13 09:56:46,438 - RTDClient - INFO - C:\Users\randy\tos-streamlit-dashboard-V2\src\rtd\client.py:182 - Already subscribed to .SPY260312P673 AV_TRADE_PRICE
2026-03-13 09:56:46,439 - RTDClient - INFO - C:\Users\randy\tos-streamlit-dashboard-V2\src\rtd\client.py:182 - Already subscribed to .SPY260312P674 ASK
2026-03-13 09:56:46,440 - RTDClient - INFO - C:\Users\randy\tos-streamlit-dashboard-V2\src\rtd\client.py:182 - Already subscribed to .SPY260312P674 DELTA
2026-03-13 09:56:46,450 - RTDClient - INFO - C:\Users\randy\tos-streamlit-dashboard-V2\src\rtd\client.py:182 - Already subscribed to .SPY260312P680 AV_TRADE_PRICE
2026-03-13 09:56:46,460 - RTDClient - INFO - C:\Users\randy\tos-streamlit-dashboard-V2\src\rtd\client.py:182 - Already subscribed to .SPY260312C686 ASK
2026-03-13 09:56:46,464 - RTDClient - INFO - C:\Users\randy\tos-streamlit-dashboard-V2\src\rtd\client.py:182 - Already subscribed to .SPY260312C688 POSITION_QTY
2026-03-13 09:56:46,466 - RTDClient - INFO - C:\Users\randy\tos-streamlit-dashboard-V2\src\rtd\client.py:182 - Already subscribed to .SPY260312C689 THETA
2026-03-13 09:56:46,473 - RTDClient - INFO - C:\Users\randy\tos-streamlit-dashboard-V2\src\rtd\client.py:182 - Already subscribed to .SPY260312P693 LAST
2026-03-13 09:56:46,474 - RTDClient - INFO - C:\Users\randy\tos-streamlit-dashboard-V2\src\rtd\client.py:182 - Already subscribed to .SPY260312P693 OPEN_INT
2026-03-13 09:56:46,477 - RTDClient - INFO - C:\Users\randy\tos-streamlit-dashboard-V2\src\rtd\client.py:182 - Already subscribed to .SPY260312C696 LAST
2026-03-13 10:30:27,403 - RTDClient - INFO - C:\Users\randy\tos-streamlit-dashboard-V2\src\rtd\client.py:86 - RTD Client instance created
2026-03-13 10:30:27,404 - RTDClient - INFO - C:\Users\randy\tos-streamlit-dashboard-V2\src\rtd\client.py:122 - Starting RTD server initialization
2026-03-13 10:30:27,411 - RTDClient - INFO - C:\Users\randy\tos-streamlit-dashboard-V2\src\rtd\client.py:140 - Server started successfully
2026-03-13 10:30:27,411 - RTDClient - INFO - C:\Users\randy\tos-streamlit-dashboard-V2\src\rtd\client.py:424 - Heartbeat interval set to 500ms
2026-03-13 10:30:27,411 - RTDClient - INFO - C:\Users\randy\tos-streamlit-dashboard-V2\src\rtd\client.py:145 - Heartbeat interval updated: 200ms -> 500ms
2026-03-13 10:30:27,920 - RTDClient - INFO - C:\Users\randy\tos-streamlit-dashboard-V2\src\rtd\client.py:182 - Already subscribed to .SPY260312P647 IMPL_VOL
2026-03-13 10:30:27,930 - RTDClient - INFO - C:\Users\randy\tos-streamlit-dashboard-V2\src\rtd\client.py:182 - Already subscribed to .SPY260312C655 VOLUME
2026-03-13 10:30:27,936 - RTDClient - INFO - C:\Users\randy\tos-streamlit-dashboard-V2\src\rtd\client.py:182 - Already subscribed to .SPY260312C658 ASK
2026-03-13 10:30:27,946 - RTDClient - INFO - C:\Users\randy\tos-streamlit-dashboard-V2\src\rtd\client.py:182 - Already subscribed to .SPY260312C665 VOLUME
2026-03-13 10:30:27,953 - RTDClient - INFO - C:\Users\randy\tos-streamlit-dashboard-V2\src\rtd\client.py:182 - Already subscribed to .SPY260312C667 GAMMA
2026-03-13 10:30:27,955 - RTDClient - INFO - C:\Users\randy\tos-streamlit-dashboard-V2\src\rtd\client.py:182 - Already subscribed to .SPY260312P667 AV_TRADE_PRICE
2026-03-13 10:30:27,965 - RTDClient - INFO - C:\Users\randy\tos-streamlit-dashboard-V2\src\rtd\client.py:182 - Already subscribed to .SPY260312P673 AV_TRADE_PRICE
2026-03-13 10:30:27,967 - RTDClient - INFO - C:\Users\randy\tos-streamlit-dashboard-V2\src\rtd\client.py:182 - Already subscribed to .SPY260312P674 ASK
2026-03-13 10:30:27,967 - RTDClient - INFO - C:\Users\randy\tos-streamlit-dashboard-V2\src\rtd\client.py:182 - Already subscribed to .SPY260312P674 DELTA
2026-03-13 10:30:27,976 - RTDClient - INFO - C:\Users\randy\tos-streamlit-dashboard-V2\src\rtd\client.py:182 - Already subscribed to .SPY260312P680 AV_TRADE_PRICE
2026-03-13 10:30:27,983 - RTDClient - INFO - C:\Users\randy\tos-streamlit-dashboard-V2\src\rtd\client.py:182 - Already subscribed to .SPY260312C686 ASK
2026-03-13 10:30:27,987 - RTDClient - INFO - C:\Users\randy\tos-streamlit-dashboard-V2\src\rtd\client.py:182 - Already subscribed to .SPY260312C688 POSITION_QTY
2026-03-13 10:30:27,989 - RTDClient - INFO - C:\Users\randy\tos-streamlit-dashboard-V2\src\rtd\client.py:182 - Already subscribed to .SPY260312C689 THETA
2026-03-13 10:30:27,996 - RTDClient - INFO - C:\Users\randy\tos-streamlit-dashboard-V2\src\rtd\client.py:182 - Already subscribed to .SPY260312P693 LAST
2026-03-13 10:30:27,997 - RTDClient - INFO - C:\Users\randy\tos-streamlit-dashboard-V2\src\rtd\client.py:182 - Already subscribed to .SPY260312P693 OPEN_INT
2026-03-13 10:31:25,597 - RTDClient - INFO - C:\Users\randy\tos-streamlit-dashboard-V2\src\rtd\client.py:86 - RTD Client instance created
2026-03-13 10:31:25,597 - RTDClient - INFO - C:\Users\randy\tos-streamlit-dashboard-V2\src\rtd\client.py:122 - Starting RTD server initialization
2026-03-13 10:31:25,604 - RTDClient - INFO - C:\Users\randy\tos-streamlit-dashboard-V2\src\rtd\client.py:140 - Server started successfully
2026-03-13 10:31:25,604 - RTDClient - INFO - C:\Users\randy\tos-streamlit-dashboard-V2\src\rtd\client.py:424 - Heartbeat interval set to 500ms
2026-03-13 10:31:25,604 - RTDClient - INFO - C:\Users\randy\tos-streamlit-dashboard-V2\src\rtd\client.py:145 - Heartbeat interval updated: 200ms -> 500ms
2026-03-13 10:31:26,162 - RTDClient - INFO - C:\Users\randy\tos-streamlit-dashboard-V2\src\rtd\client.py:182 - Already subscribed to .SPY260313P677 DELTA
2026-03-13 10:31:26,165 - RTDClient - INFO - C:\Users\randy\tos-streamlit-dashboard-V2\src\rtd\client.py:182 - Already subscribed to .SPY260313C679 DELTA
2026-03-13 10:31:26,172 - RTDClient - INFO - C:\Users\randy\tos-streamlit-dashboard-V2\src\rtd\client.py:182 - Already subscribed to .SPY260313P683 GAMMA
2026-03-13 10:31:26,174 - RTDClient - INFO - C:\Users\randy\tos-streamlit-dashboard-V2\src\rtd\client.py:182 - Already subscribed to .SPY260313C684 GAMMA
2026-03-13 10:31:26,178 - RTDClient - INFO - C:\Users\randy\tos-streamlit-dashboard-V2\src\rtd\client.py:182 - Already subscribed to .SPY260313C687 LAST
2026-03-13 10:31:26,180 - RTDClient - INFO - C:\Users\randy\tos-streamlit-dashboard-V2\src\rtd\client.py:182 - Already subscribed to .SPY260313P688 OPEN_INT
2026-03-13 10:31:26,181 - RTDClient - INFO - C:\Users\randy\tos-streamlit-dashboard-V2\src\rtd\client.py:182 - Already subscribed to .SPY260313C689 BID
2026-03-13 10:31:26,186 - RTDClient - INFO - C:\Users\randy\tos-streamlit-dashboard-V2\src\rtd\client.py:182 - Already subscribed to .SPY260313P692 GAMMA
2026-03-13 10:31:26,188 - RTDClient - INFO - C:\Users\randy\tos-streamlit-dashboard-V2\src\rtd\client.py:182 - Already subscribed to .SPY260313C694 DELTA
2026-03-13 10:31:26,190 - RTDClient - INFO - C:\Users\randy\tos-streamlit-dashboard-V2\src\rtd\client.py:182 - Already subscribed to .SPY260313C695 ASK
2026-03-13 10:34:09,716 - RTDClient - INFO - C:\Users\randy\tos-streamlit-dashboard-V2\src\rtd\client.py:86 - RTD Client instance created
2026-03-13 10:34:09,716 - RTDClient - INFO - C:\Users\randy\tos-streamlit-dashboard-V2\src\rtd\client.py:122 - Starting RTD server initialization
2026-03-13 10:34:09,723 - RTDClient - INFO - C:\Users\randy\tos-streamlit-dashboard-V2\src\rtd\client.py:140 - Server started successfully
2026-03-13 10:34:09,724 - RTDClient - INFO - C:\Users\randy\tos-streamlit-dashboard-V2\src\rtd\client.py:424 - Heartbeat interval set to 500ms
2026-03-13 10:34:09,724 - RTDClient - INFO - C:\Users\randy\tos-streamlit-dashboard-V2\src\rtd\client.py:145 - Heartbeat interval updated: 200ms -> 500ms
2026-03-13 10:34:10,277 - RTDClient - INFO - C:\Users\randy\tos-streamlit-dashboard-V2\src\rtd\client.py:182 - Already subscribed to .SPY260313P677 DELTA
2026-03-13 10:34:10,279 - RTDClient - INFO - C:\Users\randy\tos-streamlit-dashboard-V2\src\rtd\client.py:182 - Already subscribed to .SPY260313C679 DELTA
2026-03-13 10:34:10,286 - RTDClient - INFO - C:\Users\randy\tos-streamlit-dashboard-V2\src\rtd\client.py:182 - Already subscribed to .SPY260313P683 GAMMA
2026-03-13 10:34:10,287 - RTDClient - INFO - C:\Users\randy\tos-streamlit-dashboard-V2\src\rtd\client.py:182 - Already subscribed to .SPY260313C684 GAMMA
2026-03-13 10:34:10,292 - RTDClient - INFO - C:\Users\randy\tos-streamlit-dashboard-V2\src\rtd\client.py:182 - Already subscribed to .SPY260313C687 LAST
2026-03-13 10:34:10,295 - RTDClient - INFO - C:\Users\randy\tos-streamlit-dashboard-V2\src\rtd\client.py:182 - Already subscribed to .SPY260313P688 OPEN_INT
2026-03-13 10:34:10,296 - RTDClient - INFO - C:\Users\randy\tos-streamlit-dashboard-V2\src\rtd\client.py:182 - Already subscribed to .SPY260313C689 BID
2026-03-13 10:34:10,301 - RTDClient - INFO - C:\Users\randy\tos-streamlit-dashboard-V2\src\rtd\client.py:182 - Already subscribed to .SPY260313P692 GAMMA
2026-03-13 10:34:10,304 - RTDClient - INFO - C:\Users\randy\tos-streamlit-dashboard-V2\src\rtd\client.py:182 - Already subscribed to .SPY260313C694 DELTA
2026-03-13 11:43:21,117 - RTDClient - INFO - C:\Users\randy\tos-streamlit-dashboard-V2\src\rtd\client.py:86 - RTD Client instance created
2026-03-13 11:43:21,118 - RTDClient - INFO - C:\Users\randy\tos-streamlit-dashboard-V2\src\rtd\client.py:122 - Starting RTD server initialization
2026-03-13 11:43:21,163 - RTDClient - INFO - C:\Users\randy\tos-streamlit-dashboard-V2\src\rtd\client.py:140 - Server started successfully
2026-03-13 11:43:21,164 - RTDClient - INFO - C:\Users\randy\tos-streamlit-dashboard-V2\src\rtd\client.py:424 - Heartbeat interval set to 500ms
2026-03-13 11:43:21,164 - RTDClient - INFO - C:\Users\randy\tos-streamlit-dashboard-V2\src\rtd\client.py:145 - Heartbeat interval updated: 200ms -> 500ms
2026-03-13 11:43:21,720 - RTDClient - INFO - C:\Users\randy\tos-streamlit-dashboard-V2\src\rtd\client.py:182 - Already subscribed to .SPY260313C666 VOLUME
2026-03-13 11:43:21,730 - RTDClient - INFO - C:\Users\randy\tos-streamlit-dashboard-V2\src\rtd\client.py:182 - Already subscribed to .SPY260313P670 MARK
2026-03-13 11:43:21,739 - RTDClient - INFO - C:\Users\randy\tos-streamlit-dashboard-V2\src\rtd\client.py:182 - Already subscribed to .SPY260313C675 BID
2026-03-13 11:43:21,745 - RTDClient - INFO - C:\Users\randy\tos-streamlit-dashboard-V2\src\rtd\client.py:182 - Already subscribed to .SPY260313P677 DELTA
2026-03-13 11:43:21,748 - RTDClient - INFO - C:\Users\randy\tos-streamlit-dashboard-V2\src\rtd\client.py:182 - Already subscribed to .SPY260313C679 DELTA
2026-03-13 11:43:21,757 - RTDClient - INFO - C:\Users\randy\tos-streamlit-dashboard-V2\src\rtd\client.py:182 - Already subscribed to .SPY260313P683 GAMMA
2026-03-13 11:43:21,758 - RTDClient - INFO - C:\Users\randy\tos-streamlit-dashboard-V2\src\rtd\client.py:182 - Already subscribed to .SPY260313C684 GAMMA
2026-03-13 11:43:21,763 - RTDClient - INFO - C:\Users\randy\tos-streamlit-dashboard-V2\src\rtd\client.py:182 - Already subscribed to .SPY260313C687 LAST
2026-03-13 11:43:21,766 - RTDClient - INFO - C:\Users\randy\tos-streamlit-dashboard-V2\src\rtd\client.py:182 - Already subscribed to .SPY260313P688 OPEN_INT
2026-03-13 12:00:24,427 - RTDClient - INFO - C:\Users\randy\tos-streamlit-dashboard-V2\src\rtd\client.py:86 - RTD Client instance created
2026-03-13 12:00:24,428 - RTDClient - INFO - C:\Users\randy\tos-streamlit-dashboard-V2\src\rtd\client.py:122 - Starting RTD server initialization
2026-03-13 12:00:24,435 - RTDClient - INFO - C:\Users\randy\tos-streamlit-dashboard-V2\src\rtd\client.py:140 - Server started successfully
2026-03-13 12:00:24,435 - RTDClient - INFO - C:\Users\randy\tos-streamlit-dashboard-V2\src\rtd\client.py:424 - Heartbeat interval set to 500ms
2026-03-13 12:00:24,435 - RTDClient - INFO - C:\Users\randy\tos-streamlit-dashboard-V2\src\rtd\client.py:145 - Heartbeat interval updated: 200ms -> 500ms
2026-03-13 12:00:24,987 - RTDClient - INFO - C:\Users\randy\tos-streamlit-dashboard-V2\src\rtd\client.py:182 - Already subscribed to .SPY260313C666 VOLUME
2026-03-13 12:00:24,995 - RTDClient - INFO - C:\Users\randy\tos-streamlit-dashboard-V2\src\rtd\client.py:182 - Already subscribed to .SPY260313P670 MARK
2026-03-13 12:00:25,003 - RTDClient - INFO - C:\Users\randy\tos-streamlit-dashboard-V2\src\rtd\client.py:182 - Already subscribed to .SPY260313C675 BID
2026-03-13 12:00:25,007 - RTDClient - INFO - C:\Users\randy\tos-streamlit-dashboard-V2\src\rtd\client.py:182 - Already subscribed to .SPY260313P677 DELTA
2026-03-13 12:00:25,010 - RTDClient - INFO - C:\Users\randy\tos-streamlit-dashboard-V2\src\rtd\client.py:182 - Already subscribed to .SPY260313C679 DELTA
2026-03-13 12:00:25,019 - RTDClient - INFO - C:\Users\randy\tos-streamlit-dashboard-V2\src\rtd\client.py:182 - Already subscribed to .SPY260313P683 GAMMA
2026-03-13 12:00:25,020 - RTDClient - INFO - C:\Users\randy\tos-streamlit-dashboard-V2\src\rtd\client.py:182 - Already subscribed to .SPY260313C684 GAMMA
2026-03-13 12:00:25,025 - RTDClient - INFO - C:\Users\randy\tos-streamlit-dashboard-V2\src\rtd\client.py:182 - Already subscribed to .SPY260313C687 LAST
2026-03-13 12:00:25,028 - RTDClient - INFO - C:\Users\randy\tos-streamlit-dashboard-V2\src\rtd\client.py:182 - Already subscribed to .SPY260313P688 OPEN_INT
2026-03-13 12:00:25,029 - RTDClient - INFO - C:\Users\randy\tos-streamlit-dashboard-V2\src\rtd\client.py:182 - Already subscribed to .SPY260313C689 BID
2026-03-13 12:53:50,458 - RTDClient - INFO - C:\Users\randy\tos-streamlit-dashboard-V2\src\rtd\client.py:86 - RTD Client instance created
2026-03-13 12:53:50,459 - RTDClient - INFO - C:\Users\randy\tos-streamlit-dashboard-V2\src\rtd\client.py:122 - Starting RTD server initialization
2026-03-13 12:53:50,507 - RTDClient - INFO - C:\Users\randy\tos-streamlit-dashboard-V2\src\rtd\client.py:140 - Server started successfully
2026-03-13 12:53:50,508 - RTDClient - INFO - C:\Users\randy\tos-streamlit-dashboard-V2\src\rtd\client.py:424 - Heartbeat interval set to 500ms
2026-03-13 12:53:50,508 - RTDClient - INFO - C:\Users\randy\tos-streamlit-dashboard-V2\src\rtd\client.py:145 - Heartbeat interval updated: 200ms -> 500ms
2026-03-13 12:53:51,054 - RTDClient - INFO - C:\Users\randy\tos-streamlit-dashboard-V2\src\rtd\client.py:182 - Already subscribed to .SPY260313C666 VOLUME
2026-03-13 12:53:51,070 - RTDClient - INFO - C:\Users\randy\tos-streamlit-dashboard-V2\src\rtd\client.py:182 - Already subscribed to .SPY260313C675 BID
2026-03-13 12:53:51,074 - RTDClient - INFO - C:\Users\randy\tos-streamlit-dashboard-V2\src\rtd\client.py:182 - Already subscribed to .SPY260313P677 DELTA
2026-03-13 12:53:51,077 - RTDClient - INFO - C:\Users\randy\tos-streamlit-dashboard-V2\src\rtd\client.py:182 - Already subscribed to .SPY260313C679 DELTA
2026-03-13 12:53:51,084 - RTDClient - INFO - C:\Users\randy\tos-streamlit-dashboard-V2\src\rtd\client.py:182 - Already subscribed to .SPY260313P683 GAMMA
2026-03-13 12:53:51,085 - RTDClient - INFO - C:\Users\randy\tos-streamlit-dashboard-V2\src\rtd\client.py:182 - Already subscribed to .SPY260313C684 GAMMA
2026-03-13 12:53:51,089 - RTDClient - INFO - C:\Users\randy\tos-streamlit-dashboard-V2\src\rtd\client.py:182 - Already subscribed to .SPY260313C687 LAST
2026-03-13 12:53:51,091 - RTDClient - INFO - C:\Users\randy\tos-streamlit-dashboard-V2\src\rtd\client.py:182 - Already subscribed to .SPY260313P688 OPEN_INT
2026-03-13 12:53:51,092 - RTDClient - INFO - C:\Users\randy\tos-streamlit-dashboard-V2\src\rtd\client.py:182 - Already subscribed to .SPY260313C689 BID
2026-03-13 13:04:29,571 - RTDClient - INFO - C:\Users\randy\tos-streamlit-dashboard-V2\src\rtd\client.py:86 - RTD Client instance created
2026-03-13 13:04:29,572 - RTDClient - INFO - C:\Users\randy\tos-streamlit-dashboard-V2\src\rtd\client.py:122 - Starting RTD server initialization
2026-03-13 13:04:29,580 - RTDClient - INFO - C:\Users\randy\tos-streamlit-dashboard-V2\src\rtd\client.py:140 - Server started successfully
2026-03-13 13:04:29,580 - RTDClient - INFO - C:\Users\randy\tos-streamlit-dashboard-V2\src\rtd\client.py:424 - Heartbeat interval set to 500ms
2026-03-13 13:04:29,581 - RTDClient - INFO - C:\Users\randy\tos-streamlit-dashboard-V2\src\rtd\client.py:145 - Heartbeat interval updated: 200ms -> 500ms
2026-03-13 13:04:30,120 - RTDClient - INFO - C:\Users\randy\tos-streamlit-dashboard-V2\src\rtd\client.py:182 - Already subscribed to .SPY260313C666 VOLUME
2026-03-13 13:04:30,127 - RTDClient - INFO - C:\Users\randy\tos-streamlit-dashboard-V2\src\rtd\client.py:182 - Already subscribed to .SPY260313P670 MARK
2026-03-13 13:04:30,134 - RTDClient - INFO - C:\Users\randy\tos-streamlit-dashboard-V2\src\rtd\client.py:182 - Already subscribed to .SPY260313C675 BID
2026-03-13 13:04:30,137 - RTDClient - INFO - C:\Users\randy\tos-streamlit-dashboard-V2\src\rtd\client.py:182 - Already subscribed to .SPY260313P677 DELTA
2026-03-13 13:04:30,140 - RTDClient - INFO - C:\Users\randy\tos-streamlit-dashboard-V2\src\rtd\client.py:182 - Already subscribed to .SPY260313C679 DELTA
2026-03-13 13:04:30,146 - RTDClient - INFO - C:\Users\randy\tos-streamlit-dashboard-V2\src\rtd\client.py:182 - Already subscribed to .SPY260313P683 GAMMA
2026-03-13 13:04:30,147 - RTDClient - INFO - C:\Users\randy\tos-streamlit-dashboard-V2\src\rtd\client.py:182 - Already subscribed to .SPY260313C684 GAMMA
2026-03-13 13:04:30,151 - RTDClient - INFO - C:\Users\randy\tos-streamlit-dashboard-V2\src\rtd\client.py:182 - Already subscribed to .SPY260313C687 LAST
2026-03-13 13:04:30,154 - RTDClient - INFO - C:\Users\randy\tos-streamlit-dashboard-V2\src\rtd\client.py:182 - Already subscribed to .SPY260313P688 OPEN_INT
2026-03-13 13:05:31,710 - RTDClient - INFO - C:\Users\randy\tos-streamlit-dashboard-V2\src\rtd\client.py:86 - RTD Client instance created
2026-03-13 13:05:31,710 - RTDClient - INFO - C:\Users\randy\tos-streamlit-dashboard-V2\src\rtd\client.py:122 - Starting RTD server initialization
2026-03-13 13:05:31,718 - RTDClient - INFO - C:\Users\randy\tos-streamlit-dashboard-V2\src\rtd\client.py:140 - Server started successfully
2026-03-13 13:05:31,718 - RTDClient - INFO - C:\Users\randy\tos-streamlit-dashboard-V2\src\rtd\client.py:424 - Heartbeat interval set to 500ms
2026-03-13 13:05:31,719 - RTDClient - INFO - C:\Users\randy\tos-streamlit-dashboard-V2\src\rtd\client.py:145 - Heartbeat interval updated: 200ms -> 500ms
2026-03-13 13:05:32,268 - RTDClient - INFO - C:\Users\randy\tos-streamlit-dashboard-V2\src\rtd\client.py:182 - Already subscribed to .SPY260313C666 VOLUME
2026-03-13 13:05:32,275 - RTDClient - INFO - C:\Users\randy\tos-streamlit-dashboard-V2\src\rtd\client.py:182 - Already subscribed to .SPY260313P670 MARK
2026-03-13 13:05:32,282 - RTDClient - INFO - C:\Users\randy\tos-streamlit-dashboard-V2\src\rtd\client.py:182 - Already subscribed to .SPY260313C675 BID
2026-03-13 13:05:32,286 - RTDClient - INFO - C:\Users\randy\tos-streamlit-dashboard-V2\src\rtd\client.py:182 - Already subscribed to .SPY260313P677 DELTA
2026-03-13 13:05:32,289 - RTDClient - INFO - C:\Users\randy\tos-streamlit-dashboard-V2\src\rtd\client.py:182 - Already subscribed to .SPY260313C679 DELTA
2026-03-13 13:05:32,295 - RTDClient - INFO - C:\Users\randy\tos-streamlit-dashboard-V2\src\rtd\client.py:182 - Already subscribed to .SPY260313P683 GAMMA
2026-03-13 13:05:32,296 - RTDClient - INFO - C:\Users\randy\tos-streamlit-dashboard-V2\src\rtd\client.py:182 - Already subscribed to .SPY260313C684 GAMMA
2026-03-13 13:05:32,300 - RTDClient - INFO - C:\Users\randy\tos-streamlit-dashboard-V2\src\rtd\client.py:182 - Already subscribed to .SPY260313C687 LAST
2026-03-13 13:05:32,303 - RTDClient - INFO - C:\Users\randy\tos-streamlit-dashboard-V2\src\rtd\client.py:182 - Already subscribed to .SPY260313P688 OPEN_INT
2026-03-13 15:30:41,238 - RTDClient - INFO - C:\Users\randy\tos-streamlit-dashboard-V2\src\rtd\client.py:86 - RTD Client instance created
2026-03-13 15:30:41,238 - RTDClient - INFO - C:\Users\randy\tos-streamlit-dashboard-V2\src\rtd\client.py:122 - Starting RTD server initialization
2026-03-13 15:30:41,279 - RTDClient - INFO - C:\Users\randy\tos-streamlit-dashboard-V2\src\rtd\client.py:140 - Server started successfully
2026-03-13 15:30:41,279 - RTDClient - INFO - C:\Users\randy\tos-streamlit-dashboard-V2\src\rtd\client.py:424 - Heartbeat interval set to 500ms
2026-03-13 15:30:41,279 - RTDClient - INFO - C:\Users\randy\tos-streamlit-dashboard-V2\src\rtd\client.py:145 - Heartbeat interval updated: 200ms -> 500ms
2026-03-13 15:30:41,823 - RTDClient - INFO - C:\Users\randy\tos-streamlit-dashboard-V2\src\rtd\client.py:182 - Already subscribed to .SPY260313C666 VOLUME
2026-03-13 15:30:41,834 - RTDClient - INFO - C:\Users\randy\tos-streamlit-dashboard-V2\src\rtd\client.py:182 - Already subscribed to .SPY260313P670 MARK
2026-03-13 15:30:41,843 - RTDClient - INFO - C:\Users\randy\tos-streamlit-dashboard-V2\src\rtd\client.py:182 - Already subscribed to .SPY260313C675 BID
2026-03-13 15:30:41,849 - RTDClient - INFO - C:\Users\randy\tos-streamlit-dashboard-V2\src\rtd\client.py:182 - Already subscribed to .SPY260313P677 DELTA
2026-03-13 15:30:41,851 - RTDClient - INFO - C:\Users\randy\tos-streamlit-dashboard-V2\src\rtd\client.py:182 - Already subscribed to .SPY260313C679 DELTA
2026-03-13 15:30:41,861 - RTDClient - INFO - C:\Users\randy\tos-streamlit-dashboard-V2\src\rtd\client.py:182 - Already subscribed to .SPY260313P683 GAMMA
2026-03-13 15:30:41,862 - RTDClient - INFO - C:\Users\randy\tos-streamlit-dashboard-V2\src\rtd\client.py:182 - Already subscribed to .SPY260313C684 GAMMA
2026-03-13 15:30:41,867 - RTDClient - INFO - C:\Users\randy\tos-streamlit-dashboard-V2\src\rtd\client.py:182 - Already subscribed to .SPY260313C687 LAST
2026-03-13 15:30:41,870 - RTDClient - INFO - C:\Users\randy\tos-streamlit-dashboard-V2\src\rtd\client.py:182 - Already subscribed to .SPY260313P688 OPEN_INT
2026-03-15 14:01:46,961 - RTDClient - INFO - C:\Users\randy\tos-streamlit-dashboard-V2\src\rtd\client.py:86 - RTD Client instance created
2026-03-15 14:01:46,962 - RTDClient - INFO - C:\Users\randy\tos-streamlit-dashboard-V2\src\rtd\client.py:122 - Starting RTD server initialization
2026-03-15 14:01:47,005 - RTDClient - INFO - C:\Users\randy\tos-streamlit-dashboard-V2\src\rtd\client.py:140 - Server started successfully
2026-03-15 14:01:47,005 - RTDClient - INFO - C:\Users\randy\tos-streamlit-dashboard-V2\src\rtd\client.py:424 - Heartbeat interval set to 500ms
2026-03-15 14:01:47,005 - RTDClient - INFO - C:\Users\randy\tos-streamlit-dashboard-V2\src\rtd\client.py:145 - Heartbeat interval updated: 200ms -> 500ms
